Using device: cuda
Loading data/metr_la_lag12_spatial.npz...
Calculating statistics from training set...
Trunk dim: 12
Branch dim: 8
Y Mean: 57.07, Y Std: 20.06

Starting training...
Epoch 001 | Loss: 0.1549 | Val Loss: 0.0896 | MAE: 3.57 | R2: 0.9633 *
Epoch 002 | Loss: 0.1225 | Val Loss: 0.0729 | MAE: 2.66 | R2: 0.9701 *
Epoch 005 | Loss: 0.1118 | Val Loss: 0.0700 | MAE: 2.39 | R2: 0.9713 *
Epoch 008 | Loss: 0.1078 | Val Loss: 0.0695 | MAE: 2.36 | R2: 0.9715 *
Epoch 010 | Loss: 0.1051 | Val Loss: 0.0673 | MAE: 2.19 | R2: 0.9724 *
Epoch 011 | Loss: 0.1028 | Val Loss: 0.0642 | MAE: 1.93 | R2: 0.9737 *
Epoch 020 | Loss: 0.0996 | Val Loss: 0.0746 | MAE: 2.98 | R2: 0.9694
Epoch 030 | Loss: 0.0943 | Val Loss: 0.0740 | MAE: 2.56 | R2: 0.9697
Epoch 032 | Loss: 0.0931 | Val Loss: 0.0641 | MAE: 1.97 | R2: 0.9737 *
Epoch 040 | Loss: 0.0909 | Val Loss: 0.0715 | MAE: 2.45 | R2: 0.9707
Epoch 050 | Loss: 0.0886 | Val Loss: 0.0897 | MAE: 3.57 | R2: 0.9632

[TEST] MAE: 2.55 | RMSE: 6.35 | R2: 0.9172
FINAL_RESULT_JSON:{"model": "DeepONet", "params": 68865, "time_sec": 92.47145748138428, "test_mae": 2.5549001693725586, "test_rmse": 6.352218151092529, "test_r2": 0.9172499179840088}
